Compiled application.js  (1ms)  (pid 30340)
Compiled jquery.js  (12ms)  (pid 30340)
Compiled jquery_ujs.js  (0ms)  (pid 30340)
Compiled games.js  (70ms)  (pid 30340)
Compiled players.js  (66ms)  (pid 30340)
Compiled application.css  (1ms)  (pid 30340)
Compiled games.css  (85ms)  (pid 30340)
Compiled players.css  (65ms)  (pid 30340)
Compiled application.js  (1ms)  (pid 30489)
Compiled jquery.js  (11ms)  (pid 30489)
Compiled jquery_ujs.js  (0ms)  (pid 30489)
Compiled games.js  (74ms)  (pid 30489)
Compiled players.js  (70ms)  (pid 30489)
Compiled application.css  (10ms)  (pid 30489)
Compiled games.css  (2ms)  (pid 30489)
Compiled players.css  (0ms)  (pid 30489)
Compiled scaffolds.css  (6ms)  (pid 30489)
Compiled application.js  (1ms)  (pid 30470)
Compiled jquery.js  (12ms)  (pid 30470)
Compiled jquery_ujs.js  (0ms)  (pid 30470)
Compiled games.js  (62ms)  (pid 30470)
Compiled players.js  (64ms)  (pid 30470)
Compiled application.css  (11ms)  (pid 30470)
Compiled games.css  (2ms)  (pid 30470)
Compiled players.css  (0ms)  (pid 30470)
Compiled scaffolds.css  (5ms)  (pid 30470)
Compiled application.js  (1ms)  (pid 2713)
Compiled jquery.js  (12ms)  (pid 2713)
Compiled jquery_ujs.js  (0ms)  (pid 2713)
Compiled games.js  (0ms)  (pid 2713)
Compiled jquery.oninput.min.js  (0ms)  (pid 2713)
Compiled players.js  (69ms)  (pid 2713)
Compiled application.css  (0ms)  (pid 2713)
Compiled games.css  (10ms)  (pid 2713)
Compiled players.css  (0ms)  (pid 2713)
Compiled scaffolds.css  (5ms)  (pid 2713)
Compiled application.js  (1ms)  (pid 2701)
Compiled jquery.js  (12ms)  (pid 2701)
Compiled jquery_ujs.js  (0ms)  (pid 2701)
Compiled games.js  (0ms)  (pid 2701)
Compiled jquery.oninput.min.js  (0ms)  (pid 2701)
Compiled players.js  (67ms)  (pid 2701)
Compiled application.css  (1ms)  (pid 2701)
Compiled games.css  (10ms)  (pid 2701)
Compiled players.css  (0ms)  (pid 2701)
Compiled scaffolds.css  (5ms)  (pid 2701)
